app/build/outputs/logs/manifest-merger-debug-report.txt
-- Merging decision tree log ---
manifest
ADDED from src\main\AndroidManifest.xml:2:1-60:12
INJECTED from src\main\AndroidManifest.xml:2:1-60:12
INJECTED from src\main\AndroidManifest.xml:2:1-60:12
INJECTED from src\main\AndroidManifest.xml:2:1-60:12
INJECTED from src\main\AndroidManifest.xml:2:1-60:12
INJECTED from src\main\AndroidManifest.xml:2:1-60:12
INJECTED from src\main\AndroidManifest.xml:2:1-60:12
	package
		ADDED from src\main\AndroidManifest.xml:3:5-39
		INJECTED from src\main\AndroidManifest.xml
		INJECTED from src\main\AndroidManifest.xml
	android:versionName
		ADDED from src\main\AndroidManifest.xml:5:5-30
		INJECTED from src\main\AndroidManifest.xml
		INJECTED from src\main\AndroidManifest.xml
	xmlns:android
		ADDED from src\main\AndroidManifest.xml:2:11-69
	android:versionCode
		ADDED from src\main\AndroidManifest.xml:4:5-28
		INJECTED from src\main\AndroidManifest.xml
		INJECTED from src\main\AndroidManifest.xml
uses-sdk
ADDED from src\main\AndroidManifest.xml:7:5-9:41
INJECTED from src\main\AndroidManifest.xml:7:5-9:41
INJECTED from src\main\AndroidManifest.xml:7:5-9:41
INJECTED from src\main\AndroidManifest.xml:7:5-9:41
INJECTED from src\main\AndroidManifest.xml:7:5-9:41
	android:targetSdkVersion
		ADDED from src\main\AndroidManifest.xml:9:9-38
		INJECTED from src\main\AndroidManifest.xml
		INJECTED from src\main\AndroidManifest.xml
	android:minSdkVersion
		ADDED from src\main\AndroidManifest.xml:8:9-35
		INJECTED from src\main\AndroidManifest.xml
		INJECTED from src\main\AndroidManifest.xml
uses-permission#android.permission.READ_PHONE_STATE
ADDED from src\main\AndroidManifest.xml:10:5-75
	android:name
		ADDED from src\main\AndroidManifest.xml:10:22-72
uses-permission#android.permission.SYSTEM_ALERT_WINDOW
ADDED from src\main\AndroidManifest.xml:11:5-78
	android:name
		ADDED from src\main\AndroidManifest.xml:11:22-75
uses-permission#android.permission.ACCESS_COARSE_LOCATION
ADDED from src\main\AndroidManifest.xml:12:5-80
	android:name
		ADDED from src\main\AndroidManifest.xml:12:22-78
uses-permission#android.permission.ACCESS_FINE_LOCATION
ADDED from src\main\AndroidManifest.xml:13:5-78
	android:name
		ADDED from src\main\AndroidManifest.xml:13:22-76
uses-permission#android.permission.RECEIVE_BOOT_COMPLETED
ADDED from src\main\AndroidManifest.xml:14:5-80
	android:name
		ADDED from src\main\AndroidManifest.xml:14:22-78
application
ADDED from src\main\AndroidManifest.xml:15:5-58:19
	android:label
		ADDED from src\main\AndroidManifest.xml:19:9-41
	android:icon
		ADDED from src\main\AndroidManifest.xml:18:9-45
	android:allowBackup
		ADDED from src\main\AndroidManifest.xml:17:9-35
	android:theme
		ADDED from src\main\AndroidManifest.xml:20:9-40
	android:name
		ADDED from src\main\AndroidManifest.xml:16:9-60
activity#cn.sinjet.wazehudservice.MainActivity
ADDED from src\main\AndroidManifest.xml:21:9-29:20
	android:label
		ADDED from src\main\AndroidManifest.xml:23:13-45
	android:name
		ADDED from src\main\AndroidManifest.xml:22:13-41
activity#cn.sinjet.activity.UsbConnectActivity
ADDED from src\main\AndroidManifest.xml:31:9-42:20
	android:name
		ADDED from src\main\AndroidManifest.xml:32:13-65
intent-filter#android.hardware.usb.action.USB_DEVICE_ATTACHED+android.hardware.usb.action.USB_DEVICE_DETACHED+android.intent.action.MAIN+android.intent.category.LAUNCHER
ADDED from src\main\AndroidManifest.xml:33:13-38:23
action#android.hardware.usb.action.USB_DEVICE_ATTACHED
ADDED from src\main\AndroidManifest.xml:34:11-83
	android:name
		ADDED from src\main\AndroidManifest.xml:34:19-81
action#android.hardware.usb.action.USB_DEVICE_DETACHED
ADDED from src\main\AndroidManifest.xml:35:11-83
	android:name
		ADDED from src\main\AndroidManifest.xml:35:19-81
action#android.intent.action.MAIN
ADDED from src\main\AndroidManifest.xml:36:12-64
	android:name
		ADDED from src\main\AndroidManifest.xml:36:20-61
category#android.intent.category.LAUNCHER
ADDED from src\main\AndroidManifest.xml:37:18-78
	android:name
		ADDED from src\main\AndroidManifest.xml:37:28-75
meta-data#android.hardware.usb.action.USB_DEVICE_ATTACHED
ADDED from src\main\AndroidManifest.xml:39:7-41:57
	android:resource
		ADDED from src\main\AndroidManifest.xml:41:17-54
	android:name
		ADDED from src\main\AndroidManifest.xml:40:17-79
service#cn.sinjet.sinjetservice.SinjetService
ADDED from src\main\AndroidManifest.xml:44:9-47:13
	android:enabled
		ADDED from src\main\AndroidManifest.xml:46:7-29
	android:name
		ADDED from src\main\AndroidManifest.xml:45:7-59
receiver#cn.sinjet.sinjetservice.AutoStartupReceiver
ADDED from src\main\AndroidManifest.xml:48:3-57:14
	android:name
		ADDED from src\main\AndroidManifest.xml:48:13-71
intent-filter#android.hardware.usb.action.USB_DEVICE_ATTACHED+android.hardware.usb.action.USB_DEVICE_DETACHED+android.intent.action.BOOT_COMPLETED
ADDED from src\main\AndroidManifest.xml:49:7-53:23
action#android.intent.action.BOOT_COMPLETED
ADDED from src\main\AndroidManifest.xml:50:11-72
	android:name
		ADDED from src\main\AndroidManifest.xml:50:19-70